Array
(
    [firstname] => kobita 
    [lastname] => khatun
    [email] => digitalspex@gmail.com
    [password] => aSDby9G+ih!W3Zx
    [re_password] => 234354353
    [submit] => Register
)
Array
(
    [firstname] => kobita 
    [lastname] => khatun
    [email] => digitalspex@gmail.com
    [password] => aSDby9G+ih!W3Zx
    [re_password] => 234354353
    [submit] => Register
)
Array
(
    [firstname] => kobita 
    [lastname] => khatun
    [email] => digitalspex@gmail.com
    [password] => 123456
    [re_password] => 123456
    [submit] => Register
)
Array
(
    [firstname] => kobita 
    [lastname] => khatun
    [email] => digitalspex@gmail.com
    [password] => 123456
    [re_password] => 123456
    [submit] => Register
)
Array
(
    [firstname] => kobita 
    [lastname] => khatun
    [email] => digitalspex@gmail.com
    [password] => 123456
    [re_password] => 123456
    [submit] => Register
)
Array
(
    [firstname] => kobita 
    [lastname] => khatun
    [email] => digitalspex@gmail.com
    [password] => 123456
    [re_password] => 123456
    [submit] => Register
)
Array
(
    [firstname] => kobita 
    [lastname] => khatun
    [email] => digitalspex@gmail.com
    [password] => 123456
    [re_password] => 123456
    [submit] => Register
)
Array
(
    [firstname] => kobita 
    [lastname] => khatun
    [email] => digitalspex@gmail.com
    [password] => 123456
    [re_password] => 123456
    [submit] => Register
)
Array
(
    [firstname] => kobita 
    [lastname] => khatun
    [email] => digitalspex@gmail.com
    [password] => 123456
    [re_password] => 123456
    [submit] => Register
)
Array
(
    [firstname] => kobita 
    [lastname] => khatun
    [email] => digitalspex@gmail.com
    [password] => 123456
    [re_password] => 123456
    [submit] => Register
)
Array
(
    [firstname] => kobita 
    [lastname] => khatun
    [email] => digitalspex@gmail.com
    [password] => 123456
    [re_password] => 123456
    [submit] => Register
)
Array
(
    [firstname] => kobita 
    [lastname] => khatun
    [email] => kobita@gmail.com
    [password] => 123456
    [re_password] => 123456
    [submit] => Register
)
Array
(
    [firstname] => kobita 
    [lastname] => khatun
    [email] => kobita@gmail.com
    [password] => 1234
    [re_password] => 123456
    [submit] => Register
)
Array
(
    [firstname] => kobita 
    [lastname] => khatun
    [email] => kobita@gmail.com
    [password] => 1234
    [re_password] => 123456
    [submit] => Register
)
Array
(
    [firstname] => kobita 
    [lastname] => khatun
    [email] => kobita@gmail.com
    [password] => 1234
    [re_password] => 123456
    [submit] => Register
)
Array
(
    [firstname] => kobita 
    [lastname] => khatun
    [email] => kobita@gmail.com
    [password] => 1234
    [re_password] => 123456
    [submit] => Register
)
Array
(
    [firstname] => kobita 
    [lastname] => khatun
    [email] => kobita@gmail.com
    [password] => 1234
    [re_password] => 123456
    [submit] => Register
)
Array
(
    [firstname] => kobita 
    [lastname] => khatun
    [email] => kobita@gmail.com
    [password] => 1234
    [re_password] => 123456
    [submit] => Register
)
Array
(
    [firstname] => kobita 
    [lastname] => khatun
    [email] => kobita@gmail.com
    [password] => 1234
    [re_password] => 123456
    [submit] => Register
)
Array
(
    [firstname] => kobita 
    [lastname] => khatun
    [email] => kobita@gmail.com
    [password] => 1234
    [re_password] => 123456
    [submit] => Register
)
Array
(
    [firstname] => kobita 
    [lastname] => khatun
    [email] => kobita@gmail.com
    [password] => 1234
    [re_password] => 123456
    [submit] => Register
)
Array
(
    [firstname] => kobita 
    [lastname] => khatun
    [email] => kobita@gmail.com
    [password] => 1234
    [re_password] => 123456
    [submit] => Register
)
Array
(
    [firstname] => kobita 
    [lastname] => khatun
    [email] => kobita@gmail.com
    [password] => 1234
    [re_password] => 123456
    [submit] => Register
)
Array
(
    [firstname] => kobita 
    [lastname] => khatun
    [email] => kobita@gmail.com
    [password] => 1234
    [re_password] => 123456
    [submit] => Register
)
Array
(
    [firstname] => kobita 
    [lastname] => khatun
    [email] => kobita@gmail.com
    [password] => 1234
    [re_password] => 123456
    [submit] => Register
)
Array
(
    [firstname] => kobita 
    [lastname] => khatun
    [email] => kobita@gmail.com
    [password] => 1234
    [re_password] => 123456
    [submit] => Register
)
Array
(
    [firstname] => kobita 
    [lastname] => khatun
    [email] => kobita@gmail.com
    [password] => 1234
    [re_password] => 123456
    [submit] => Register
)
Array
(
    [firstname] => kobita 
    [lastname] => khatun
    [email] => kobita@gmail.com
    [password] => 1234
    [re_password] => 123456
    [submit] => Register
)
Array
(
    [firstname] => kobita 
    [lastname] => khatun
    [email] => kobita@gmail.com
    [password] => 1234
    [re_password] => 123456
    [submit] => Register
)
Array
(
    [firstname] => kobita 
    [lastname] => khatun
    [email] => kobita@gmail.com
    [password] => 1234
    [re_password] => 123456
    [submit] => Register
)
Array
(
    [firstname] => kobita 
    [lastname] => khatun
    [email] => digitalspex@gmail.com
    [password] => 123456
    [re_password] => 123456
    [submit] => Register
)
Array
(
    [firstname] => kobita 
    [lastname] => khatun
    [email] => digitalspex@gmail.com
    [password] => 123456
    [re_password] => 123456
    [submit] => Register
)
Array
(
    [firstname] => UNIQUE
    [lastname] => khatun
    [email] => digitalspex@gmail.com
    [password] => 123456
    [re_password] => 123456
    [submit] => Register
)
Array
(
    [firstname] => UNIQUE
    [lastname] => khatun
    [email] => digitalspex@gmail.com
    [password] => 123456
    [re_password] => 123456
    [submit] => Register
)
Array
(
    [firstname] => UNIQUE
    [lastname] => khatun
    [email] => digitalspex@gmail.com
    [password] => 123456
    [re_password] => 123456
    [submit] => Register
)
Array
(
    [firstname] => UNIQUE
    [lastname] => khatun
    [email] => digitalspex@gmail.com
    [password] => 123456
    [re_password] => 123456
    [submit] => Register
)
Array
(
    [firstname] => UNIQUE
    [lastname] => khatun
    [email] => digitalspex@gmail.com
    [password] => 123456
    [re_password] => 123456
    [submit] => Register
)
Array
(
    [firstname] => UNIQUE
    [lastname] => khatun
    [email] => digitalspex@gmail.com
    [password] => 123456
    [re_password] => 123456
    [submit] => Register
)
Array
(
    [firstname] => UNIQUE
    [lastname] => khatun
    [email] => digitalspex@gmail.com
    [password] => 123456
    [re_password] => 123456
    [submit] => Register
)
Array
(
    [firstname] => UNIQUE
    [lastname] => khatun
    [email] => digitalspex@gmail.com
    [password] => 123456
    [re_password] => 123456
    [submit] => Register
)
Array
(
    [firstname] => UNIQUE
    [lastname] => khatun
    [email] => digitalspex@gmail.com
    [password] => 123456
    [re_password] => 123456
    [submit] => Register
)
Array
(
    [firstname] => UNIQUE
    [lastname] => khatun
    [email] => digitalspex@gmail.com
    [password] => 123456
    [re_password] => 123456
    [submit] => Register
)
Array
(
    [firstname] => Kobita 
    [lastname] => aktar
    [email] => kobita@gmail.com
    [password] => kobita1234
    [re_password] => kobita1234
    [submit] => Register
)
Array
(
    [firstname] => Kobita 
    [lastname] => aktar
    [email] => kobita@gmail.com
    [password] => kobita1234
    [re_password] => kobita1234
    [submit] => Register
)
Array
(
    [firstname] => noman
    [lastname] => khan
    [email] => noman@gmail.com
    [password] => 123456
    [re_password] => 123456
    [submit] => Register
)
Array
(
    [firstname] => noman
    [lastname] => khan
    [email] => noman@gmail.com
    [password] => 123456789
    [re_password] => 123456789
    [submit] => Register
)
Array
(
    [firstname] => noman
    [lastname] => khan
    [email] => noman@gmail.com
    [password] => 123456789
    [re_password] => 123456789
    [submit] => Register
)
Array
(
    [firstname] => noman
    [lastname] => khan
    [email] => noman@gmail.com
    [password] => 123456789
    [re_password] => 123456789
    [submit] => Register
)
Array
(
    [firstname] => noman
    [lastname] => khan
    [email] => noman@gmail.com
    [password] => 123456789
    [re_password] => 123456789
    [submit] => Register
)
Array
(
    [firstname] => noman
    [lastname] => khan
    [email] => noman@gmail.com
    [password] => 123456789
    [re_password] => 123456789
    [submit] => Register
)
Array
(
    [firstname] => noman
    [lastname] => khan
    [email] => noman@gmail.com
    [password] => 123456789
    [re_password] => 123456789
    [submit] => Register
)
Array
(
    [email] => noman@gmail.com
    [password] => 123456
    [submit] => Register
)
